<?xml version="1.0" encoding="utf-8"?><testsuites name="pytest tests"><testsuite name="pytest" errors="0" failures="0" skipped="0" tests="3" time="1.376" timestamp="2026-09-24T12:23:52.048535+00:00" hostname="agent-env-8a29f95a-7cc7-4a9a-9599-94cb74364919"><testcase classname="tests.test_card_pos_orders" name="test_pickup_card_pos_succeeds" time="0.597" /><testcase classname="tests.test_card_pos_orders" name="test_delivery_card_pos_rejected" time="0.113" /><testcase classname="tests.test_card_pos_orders" name="test_pickup_cash_still_works" time="0.170" /></testsuite></testsuites>