<?xml version="1.0" encoding="utf-8"?><testsuites name="pytest tests"><testsuite name="pytest" errors="0" failures="0" skipped="0" tests="6" time="1.527" timestamp="2026-09-24T14:33:06.247919+00:00" hostname="agent-env-8a29f95a-7cc7-4a9a-9599-94cb74364919"><testcase classname="tests.test_checkout_validation" name="test_invalid_phone_returns_400" time="0.309" /><testcase classname="tests.test_checkout_validation" name="test_empty_email_returns_400" time="0.067" /><testcase classname="tests.test_checkout_validation" name="test_invalid_email_returns_400" time="0.065" /><testcase classname="tests.test_checkout_validation" name="test_empty_name_returns_400" time="0.063" /><testcase classname="tests.test_checkout_validation" name="test_valid_payload_creates_order" time="0.145" /><testcase classname="tests.test_checkout_validation" name="test_cleanup" time="0.373" /></testsuite></testsuites>