<?xml version="1.0" encoding="utf-8"?><testsuites name="pytest tests"><testsuite name="pytest" errors="0" failures="0" skipped="0" tests="6" time="11.258" timestamp="2026-09-24T13:32:40.598938+00:00" hostname="agent-env-8a29f95a-7cc7-4a9a-9599-94cb74364919"><testcase classname="tests.test_email_eta" name="test_order_persists_customer_email" time="0.323" /><testcase classname="tests.test_email_eta" name="test_confirm_without_eta_returns_400" time="0.981" /><testcase classname="tests.test_email_eta" name="test_confirm_with_eta_and_notification" time="1.800" /><testcase classname="tests.test_email_eta" name="test_ready_pickup_sends_email" time="7.021" /><testcase classname="tests.test_email_eta" name="test_customer_order_endpoint_shows_eta" time="0.751" /><testcase classname="tests.test_email_eta" name="test_delivery_order_creation" time="0.326" /></testsuite></testsuites>