<?xml version="1.0" encoding="utf-8"?><testsuites name="pytest tests"><testsuite name="pytest" errors="0" failures="0" skipped="0" tests="6" time="2.280" timestamp="2026-09-24T14:52:53.705910+00:00" hostname="agent-env-8a29f95a-7cc7-4a9a-9599-94cb74364919"><testcase classname="tests.test_min_order" name="test_settings_has_min_order_8" time="0.219" /><testcase classname="tests.test_min_order" name="test_order_below_min_returns_400" time="0.117" /><testcase classname="tests.test_min_order" name="test_order_at_min_ok" time="0.103" /><testcase classname="tests.test_min_order" name="test_delivery_fee_does_not_count" time="0.125" /><testcase classname="tests.test_min_order" name="test_admin_can_change_min_order" time="0.940" /><testcase classname="tests.test_min_order" name="test_cleanup" time="0.260" /></testsuite></testsuites>