<?xml version="1.0" encoding="utf-8"?><testsuites name="pytest tests"><testsuite name="pytest" errors="0" failures="1" skipped="0" tests="21" time="4.084" timestamp="2026-09-24T11:11:17.209943+00:00" hostname="agent-env-8a29f95a-7cc7-4a9a-9599-94cb74364919"><testcase classname="tests.test_offers_and_schedule" name="test_create_percent_with_code" time="0.559" /><testcase classname="tests.test_offers_and_schedule" name="test_create_bogo_with_categories" time="0.175" /><testcase classname="tests.test_offers_and_schedule" name="test_create_fixed_with_min_order" time="0.113" /><testcase classname="tests.test_offers_and_schedule" name="test_create_combo" time="0.183" /><testcase classname="tests.test_offers_and_schedule" name="test_public_offers_hide_codes" time="0.177" /><testcase classname="tests.test_offers_and_schedule" name="test_apply_percent_with_code_case_insensitive" time="0.174"><failure message="assert 7.5 &lt; 0.01&#10; +  where 7.5 = abs((9.0 - 1.5))">backend/tests/test_offers_and_schedule.py:120: in test_apply_percent_with_code_case_insensitive
    assert abs(r["discount"] - expected) &lt; 0.01
E   assert 7.5 &lt; 0.01
E    +  where 7.5 = abs((9.0 - 1.5))</failure></testcase><testcase classname="tests.test_offers_and_schedule" name="test_apply_bogo_second_unit_free" time="0.173" /><testcase classname="tests.test_offers_and_schedule" name="test_apply_fixed_capped_at_subtotal" time="0.177" /><testcase classname="tests.test_offers_and_schedule" name="test_apply_combo_discount" time="0.174" /><testcase classname="tests.test_offers_and_schedule" name="test_order_recomputes_server_side" time="0.173" /><testcase classname="tests.test_offers_and_schedule" name="test_scheduled_too_soon_400" time="0.065" /><testcase classname="tests.test_offers_and_schedule" name="test_scheduled_future_ok" time="0.057" /><testcase classname="tests.test_offers_and_schedule" name="test_scheduled_disabled_400" time="0.240" /><testcase classname="tests.test_offers_and_schedule" name="test_admin_order_detail_auth" time="0.173" /><testcase classname="tests.test_offers_and_schedule" name="test_static_files[/manifest.json]" time="0.062" /><testcase classname="tests.test_offers_and_schedule" name="test_static_files[/sw.js]" time="0.055" /><testcase classname="tests.test_offers_and_schedule" name="test_static_files[/robots.txt]" time="0.056" /><testcase classname="tests.test_offers_and_schedule" name="test_static_files[/sitemap.xml]" time="0.058" /><testcase classname="tests.test_offers_and_schedule" name="test_static_files[/logo.png]" time="0.166" /><testcase classname="tests.test_offers_and_schedule" name="test_static_files[/icon-192.png]" time="0.056" /><testcase classname="tests.test_offers_and_schedule" name="test_index_has_title_and_ldjson" time="0.062" /></testsuite></testsuites>