<?xml version="1.0" encoding="utf-8"?><testsuites name="pytest tests"><testsuite name="pytest" errors="0" failures="1" skipped="0" tests="5" time="2.617" timestamp="2026-09-24T11:58:42.435101+00:00" hostname="agent-env-8a29f95a-7cc7-4a9a-9599-94cb74364919"><testcase classname="tests.test_pizzas_seed" name="test_categories_contains_pizzas" time="0.156" /><testcase classname="tests.test_pizzas_seed" name="test_pizzas_category_has_36_active_products" time="0.261" /><testcase classname="tests.test_pizzas_seed" name="test_chicken_bbq_present" time="0.126" /><testcase classname="tests.test_pizzas_seed" name="test_creamy_chicken_present" time="0.132" /><testcase classname="tests.test_pizzas_seed" name="test_guest_pickup_checkout_creamy_chicken" time="1.397"><failure message="AssertionError: Order creation failed: 422 {&quot;detail&quot;:[{&quot;type&quot;:&quot;missing&quot;,&quot;loc&quot;:[&quot;body&quot;,&quot;items&quot;,0,&quot;unit_price&quot;],&quot;msg&quot;:&quot;Field required&quot;,&quot;input&quot;:{&quot;product_id&quot;:&quot;56eb2133-4c1d-4115-b2b9-790968b33051&quot;,&quot;name&quot;:&quot;Creamy Chicken&quot;,&quot;quantity&quot;:1,&quot;price&quot;:8.5,&quot;size&quot;:&quot;26cm (8 τμχ)&quot;},&quot;url&quot;:&quot;https://errors.pydantic.dev/2.13/v/missing&quot;},{&quot;type&quot;:&quot;missing&quot;,&quot;loc&quot;:[&quot;body&quot;,&quot;items&quot;,0,&quot;line_total&quot;],&quot;msg&quot;:&quot;Field required&quot;,&quot;input&quot;:{&quot;product_id&quot;:&quot;56eb2133-4c1d-4115-b2b9&#10;assert False">backend/tests/test_pizzas_seed.py:111: in test_guest_pickup_checkout_creamy_chicken
    assert False, f"Order creation failed: {last.status_code} {last.text[:400]}"
E   AssertionError: Order creation failed: 422 {"detail":[{"type":"missing","loc":["body","items",0,"unit_price"],"msg":"Field required","input":{"product_id":"56eb2133-4c1d-4115-b2b9-790968b33051","name":"Creamy Chicken","quantity":1,"price":8.5,"size":"26cm (8 τμχ)"},"url":"https://errors.pydantic.dev/2.13/v/missing"},{"type":"missing","loc":["body","items",0,"line_total"],"msg":"Field required","input":{"product_id":"56eb2133-4c1d-4115-b2b9
E   assert False</failure></testcase></testsuite></testsuites>