<?xml version="1.0" encoding="utf-8"?><testsuites name="pytest tests"><testsuite name="pytest" errors="0" failures="0" skipped="0" tests="40" time="5.646" timestamp="2026-09-24T11:11:38.603287+00:00" hostname="agent-env-8a29f95a-7cc7-4a9a-9599-94cb74364919"><testcase classname="tests.backend_test" name="test_root" time="0.156" /><testcase classname="tests.backend_test" name="test_categories_seeded" time="0.243" /><testcase classname="tests.backend_test" name="test_products_seeded" time="0.067" /><testcase classname="tests.test_offers_and_schedule" name="test_create_percent_with_code" time="0.551" /><testcase classname="tests.backend_test" name="test_zones_public" time="0.153" /><testcase classname="tests.test_offers_and_schedule" name="test_create_bogo_with_categories" time="0.181" /><testcase classname="tests.backend_test" name="test_settings_public" time="0.130" /><testcase classname="tests.test_offers_and_schedule" name="test_create_fixed_with_min_order" time="0.338" /><testcase classname="tests.backend_test" name="test_customer_register_and_me" time="0.385" /><testcase classname="tests.test_offers_and_schedule" name="test_create_combo" time="0.195" /><testcase classname="tests.test_offers_and_schedule" name="test_public_offers_hide_codes" time="0.187" /><testcase classname="tests.test_offers_and_schedule" name="test_apply_percent_with_code_case_insensitive" time="0.436" /><testcase classname="tests.test_offers_and_schedule" name="test_apply_bogo_second_unit_free" time="0.248" /><testcase classname="tests.test_offers_and_schedule" name="test_apply_fixed_capped_at_subtotal" time="0.197" /><testcase classname="tests.backend_test" name="test_admin_login" time="1.135" /><testcase classname="tests.backend_test" name="test_admin_me_role" time="0.314" /><testcase classname="tests.test_offers_and_schedule" name="test_apply_combo_discount" time="0.188" /><testcase classname="tests.test_offers_and_schedule" name="test_order_recomputes_server_side" time="0.435" /><testcase classname="tests.backend_test" name="test_login_wrong" time="0.297" /><testcase classname="tests.backend_test" name="test_non_admin_forbidden" time="0.072" /><testcase classname="tests.backend_test" name="test_no_auth_admin" time="0.122" /><testcase classname="tests.test_offers_and_schedule" name="test_scheduled_too_soon_400" time="0.063" /><testcase classname="tests.test_offers_and_schedule" name="test_scheduled_future_ok" time="0.101" /><testcase classname="tests.backend_test" name="test_guest_order" time="0.070" /><testcase classname="tests.test_offers_and_schedule" name="test_scheduled_disabled_400" time="0.283" /><testcase classname="tests.backend_test" name="test_customer_order_loyalty" time="0.433" /><testcase classname="tests.test_offers_and_schedule" name="test_admin_order_detail_auth" time="0.180" /><testcase classname="tests.backend_test" name="test_admin_orders_and_status" time="0.223" /><testcase classname="tests.test_offers_and_schedule" name="test_static_files[/manifest.json]" time="0.062" /><testcase classname="tests.test_offers_and_schedule" name="test_static_files[/sw.js]" time="0.058" /><testcase classname="tests.test_offers_and_schedule" name="test_static_files[/robots.txt]" time="0.059" /><testcase classname="tests.test_offers_and_schedule" name="test_static_files[/sitemap.xml]" time="0.060" /><testcase classname="tests.backend_test" name="test_dashboard" time="0.071" /><testcase classname="tests.test_offers_and_schedule" name="test_static_files[/logo.png]" time="0.072" /><testcase classname="tests.backend_test" name="test_product_crud" time="0.396" /><testcase classname="tests.test_offers_and_schedule" name="test_static_files[/icon-192.png]" time="0.058" /><testcase classname="tests.test_offers_and_schedule" name="test_index_has_title_and_ldjson" time="0.071" /><testcase classname="tests.backend_test" name="test_zone_crud" time="0.271" /><testcase classname="tests.backend_test" name="test_category_crud" time="0.210" /><testcase classname="tests.backend_test" name="test_store_closed_blocks_order" time="0.342" /></testsuite></testsuites>