<?xml version="1.0" encoding="utf-8"?><testsuites name="pytest tests"><testsuite name="pytest" errors="0" failures="1" skipped="0" tests="19" time="3.818" timestamp="2026-09-24T10:59:15.268430+00:00" hostname="agent-env-8a29f95a-7cc7-4a9a-9599-94cb74364919"><testcase classname="tests.backend_test" name="test_root" time="0.297" /><testcase classname="tests.backend_test" name="test_categories_seeded" time="0.065" /><testcase classname="tests.backend_test" name="test_products_seeded" time="0.068" /><testcase classname="tests.backend_test" name="test_zones_public" time="0.061" /><testcase classname="tests.backend_test" name="test_settings_public" time="0.058" /><testcase classname="tests.backend_test" name="test_customer_register_and_me" time="0.355"><failure message="AssertionError: assert 'test_cust_00...f@example.com' == 'TEST_cust_00...f@example.com'&#10;  &#10;  - TEST_cust_0021cedf@example.com&#10;  ? ^^^^&#10;  + test_cust_0021cedf@example.com&#10;  ? ^^^^">backend/tests/backend_test.py:71: in test_customer_register_and_me
    assert r.json()["email"] == customer["email"]
E   AssertionError: assert 'test_cust_00...f@example.com' == 'TEST_cust_00...f@example.com'
E     
E     - TEST_cust_0021cedf@example.com
E     ? ^^^^
E     + test_cust_0021cedf@example.com
E     ? ^^^^</failure></testcase><testcase classname="tests.backend_test" name="test_admin_login" time="0.283" /><testcase classname="tests.backend_test" name="test_admin_me_role" time="0.058" /><testcase classname="tests.backend_test" name="test_login_wrong" time="0.282" /><testcase classname="tests.backend_test" name="test_non_admin_forbidden" time="0.061" /><testcase classname="tests.backend_test" name="test_no_auth_admin" time="0.057" /><testcase classname="tests.backend_test" name="test_guest_order" time="0.064" /><testcase classname="tests.backend_test" name="test_customer_order_loyalty" time="0.241" /><testcase classname="tests.backend_test" name="test_admin_orders_and_status" time="0.177" /><testcase classname="tests.backend_test" name="test_dashboard" time="0.059" /><testcase classname="tests.backend_test" name="test_product_crud" time="0.364" /><testcase classname="tests.backend_test" name="test_zone_crud" time="0.183" /><testcase classname="tests.backend_test" name="test_category_crud" time="0.178" /><testcase classname="tests.backend_test" name="test_store_closed_blocks_order" time="0.237" /></testsuite></testsuites>