<?xml version="1.0" encoding="utf-8"?><testsuites name="pytest tests"><testsuite name="pytest" errors="0" failures="0" skipped="0" tests="3" time="6.285" timestamp="2026-09-24T14:20:09.078007+00:00" hostname="agent-env-8a29f95a-7cc7-4a9a-9599-94cb74364919"><testcase classname="tests.test_store_email_and_breakdown" name="test_delivery_order_totals_and_store_email" time="2.927" /><testcase classname="tests.test_store_email_and_breakdown" name="test_pickup_order_totals_and_store_email" time="2.576" /><testcase classname="tests.test_store_email_and_breakdown" name="test_public_get_order_exposes_breakdown_fields" time="0.256" /></testsuite></testsuites>